2022-05-25 03:02:46,352 [main-SendThread(127.0.0.1:2181)][] WARN  o.a.z.ClientCnxn Client session timed out, have not heard from server in 10813581ms for session id 0x10000018e2d00af 
2022-05-25 03:02:46,352 [main-SendThread(127.0.0.1:2181)][] WARN  o.a.z.ClientCnxn Session 0x10000018e2d00af for sever 127.0.0.1/127.0.0.1:2181, Closing socket connection. Attempting reconnect except it is a SessionExpiredException. 
org.apache.zookeeper.ClientCnxn$SessionTimeoutException: Client session timed out, have not heard from server in 10813581ms for session id 0x10000018e2d00af
	at org.apache.zookeeper.ClientCnxn$SendThread.run(ClientCnxn.java:1230)
2022-05-25 03:02:46,461 [main-EventThread][] INFO  o.a.c.f.s.ConnectionStateManager State change: SUSPENDED 
2022-05-25 03:02:47,565 [main-SendThread(127.0.0.1:2181)][] INFO  o.a.z.ClientCnxn Opening socket connection to server 127.0.0.1/127.0.0.1:2181. 
2022-05-25 03:02:47,565 [main-SendThread(127.0.0.1:2181)][] INFO  o.a.z.ClientCnxn SASL config status: Will not attempt to authenticate using SASL (unknown error) 
2022-05-25 03:02:47,565 [main-SendThread(127.0.0.1:2181)][] INFO  o.a.z.ClientCnxn Socket connection established, initiating session, client: /127.0.0.1:62479, server: 127.0.0.1/127.0.0.1:2181 
2022-05-25 03:02:47,595 [main-SendThread(127.0.0.1:2181)][] INFO  o.a.z.ClientCnxn Session establishment complete on server 127.0.0.1/127.0.0.1:2181, session id = 0x10000018e2d00af, negotiated timeout = 40000 
2022-05-25 03:02:47,595 [main-EventThread][] INFO  o.a.c.f.s.ConnectionStateManager State change: RECONNECTED 
2022-05-25 03:02:47,595 [main-EventThread][] INFO  o.a.c.f.i.EnsembleTracker New config event received: {} 
2022-05-25 12:42:53,661 [main-SendThread(127.0.0.1:2181)][] WARN  o.a.z.ClientCnxn Client session timed out, have not heard from server in 34823056ms for session id 0x10000018e2d00af 
2022-05-25 12:42:53,661 [main-SendThread(127.0.0.1:2181)][] WARN  o.a.z.ClientCnxn Session 0x10000018e2d00af for sever 127.0.0.1/127.0.0.1:2181, Closing socket connection. Attempting reconnect except it is a SessionExpiredException. 
org.apache.zookeeper.ClientCnxn$SessionTimeoutException: Client session timed out, have not heard from server in 34823056ms for session id 0x10000018e2d00af
	at org.apache.zookeeper.ClientCnxn$SendThread.run(ClientCnxn.java:1230)
2022-05-25 12:42:53,770 [main-EventThread][] INFO  o.a.c.f.s.ConnectionStateManager State change: SUSPENDED 
2022-05-25 12:42:55,454 [main-SendThread(127.0.0.1:2181)][] INFO  o.a.z.ClientCnxn Opening socket connection to server 127.0.0.1/127.0.0.1:2181. 
2022-05-25 12:42:55,454 [main-SendThread(127.0.0.1:2181)][] INFO  o.a.z.ClientCnxn SASL config status: Will not attempt to authenticate using SASL (unknown error) 
2022-05-25 12:42:55,455 [main-SendThread(127.0.0.1:2181)][] INFO  o.a.z.ClientCnxn Socket connection established, initiating session, client: /127.0.0.1:58758, server: 127.0.0.1/127.0.0.1:2181 
2022-05-25 12:42:55,710 [main-SendThread(127.0.0.1:2181)][] INFO  o.a.z.ClientCnxn Session establishment complete on server 127.0.0.1/127.0.0.1:2181, session id = 0x10000018e2d00af, negotiated timeout = 40000 
2022-05-25 12:42:55,711 [main-EventThread][] INFO  o.a.c.f.s.ConnectionStateManager State change: RECONNECTED 
2022-05-25 12:42:55,931 [main-EventThread][] INFO  o.a.c.f.i.EnsembleTracker New config event received: {} 
2022-05-25 12:43:40,612 [main][] INFO  c.a.d.DemoApplication Starting DemoApplication using Java 1.8.0_102 on LAPTOP-4AHHCIO7 with PID 38868 (D:\workspace\wrokspace-spring\songwe2017\target\classes started by Songbing in D:\workspace\wrokspace-spring\songwe2017) 
2022-05-25 12:43:40,612 [background-preinit][] INFO  o.h.v.i.u.Version HV000001: Hibernate Validator 5.0.1.Final 
2022-05-25 12:43:40,615 [main][] INFO  c.a.d.DemoApplication No active profile set, falling back to default profiles: default 
2022-05-25 12:43:42,144 [main][] INFO  o.s.c.s.PostProcessorRegistrationDelegate$BeanPostProcessorChecker Bean 'shiroConfig' of type [ShiroConfig$$EnhancerBySpringCGLIB$$c0d29aec] is not eligible for getting processed by all BeanPostProcessors (for example: not eligible for auto-proxying) 
2022-05-25 12:43:42,245 [main][] INFO  o.s.c.s.PostProcessorRegistrationDelegate$BeanPostProcessorChecker Bean 'mybatis-plus-com.baomidou.mybatisplus.autoconfigure.MybatisPlusProperties' of type [com.baomidou.mybatisplus.autoconfigure.MybatisPlusProperties] is not eligible for getting processed by all BeanPostProcessors (for example: not eligible for auto-proxying) 
2022-05-25 12:43:42,253 [main][] INFO  o.s.c.s.PostProcessorRegistrationDelegate$BeanPostProcessorChecker Bean 'com.baomidou.mybatisplus.autoconfigure.MybatisPlusAutoConfiguration' of type [com.baomidou.mybatisplus.autoconfigure.MybatisPlusAutoConfiguration] is not eligible for getting processed by all BeanPostProcessors (for example: not eligible for auto-proxying) 
2022-05-25 12:43:42,254 [main][] INFO  o.s.c.s.PostProcessorRegistrationDelegate$BeanPostProcessorChecker Bean 'org.springframework.boot.autoconfigure.jdbc.DataSourceConfiguration$Generic' of type [org.springframework.boot.autoconfigure.jdbc.DataSourceConfiguration$Generic] is not eligible for getting processed by all BeanPostProcessors (for example: not eligible for auto-proxying) 
2022-05-25 12:43:42,360 [main][] INFO  o.s.c.s.PostProcessorRegistrationDelegate$BeanPostProcessorChecker Bean 'spring.datasource-org.springframework.boot.autoconfigure.jdbc.DataSourceProperties' of type [org.springframework.boot.autoconfigure.jdbc.DataSourceProperties] is not eligible for getting processed by all BeanPostProcessors (for example: not eligible for auto-proxying) 
2022-05-25 12:43:42,441 [main][] INFO  o.s.c.s.PostProcessorRegistrationDelegate$BeanPostProcessorChecker Bean 'dataSource' of type [com.alibaba.druid.pool.DruidDataSource] is not eligible for getting processed by all BeanPostProcessors (for example: not eligible for auto-proxying) 
2022-05-25 12:43:44,530 [main][] INFO  o.s.c.s.PostProcessorRegistrationDelegate$BeanPostProcessorChecker Bean 'sqlSessionFactory' of type [org.apache.ibatis.session.defaults.DefaultSqlSessionFactory] is not eligible for getting processed by all BeanPostProcessors (for example: not eligible for auto-proxying) 
2022-05-25 12:43:44,535 [main][] INFO  o.s.c.s.PostProcessorRegistrationDelegate$BeanPostProcessorChecker Bean 'sqlSessionTemplate' of type [org.mybatis.spring.SqlSessionTemplate] is not eligible for getting processed by all BeanPostProcessors (for example: not eligible for auto-proxying) 
2022-05-25 12:43:44,838 [main][] INFO  o.s.c.s.PostProcessorRegistrationDelegate$BeanPostProcessorChecker Bean 'userMapper' of type [org.mybatis.spring.mapper.MapperFactoryBean] is not eligible for getting processed by all BeanPostProcessors (for example: not eligible for auto-proxying) 
2022-05-25 12:43:44,840 [main][] INFO  o.s.c.s.PostProcessorRegistrationDelegate$BeanPostProcessorChecker Bean 'userMapper' of type [com.sun.proxy.$Proxy55] is not eligible for getting processed by all BeanPostProcessors (for example: not eligible for auto-proxying) 
2022-05-25 12:43:44,841 [main][] INFO  o.s.c.s.PostProcessorRegistrationDelegate$BeanPostProcessorChecker Bean 'userServiceImpl' of type [UserServiceImpl] is not eligible for getting processed by all BeanPostProcessors (for example: not eligible for auto-proxying) 
2022-05-25 12:43:44,842 [main][] INFO  o.s.c.s.PostProcessorRegistrationDelegate$BeanPostProcessorChecker Bean 'defaultRelam' of type [DefaultRealm] is not eligible for getting processed by all BeanPostProcessors (for example: not eligible for auto-proxying) 
2022-05-25 12:43:44,843 [main][] INFO  o.s.c.s.PostProcessorRegistrationDelegate$BeanPostProcessorChecker Bean 'simpleCookie' of type [org.apache.shiro.web.servlet.SimpleCookie] is not eligible for getting processed by all BeanPostProcessors (for example: not eligible for auto-proxying) 
2022-05-25 12:43:44,853 [main][] INFO  o.s.c.s.PostProcessorRegistrationDelegate$BeanPostProcessorChecker Bean 'dsessionManager' of type [org.apache.shiro.web.session.mgt.DefaultWebSessionManager] is not eligible for getting processed by all BeanPostProcessors (for example: not eligible for auto-proxying) 
2022-05-25 12:43:46,037 [main][] INFO  o.s.c.s.PostProcessorRegistrationDelegate$BeanPostProcessorChecker Bean 'securityManager' of type [org.apache.shiro.web.mgt.DefaultWebSecurityManager] is not eligible for getting processed by all BeanPostProcessors (for example: not eligible for auto-proxying) 
2022-05-25 12:43:46,097 [main][] INFO  o.s.c.s.PostProcessorRegistrationDelegate$BeanPostProcessorChecker Bean 'authorizationAttributeSourceAdvisor' of type [org.apache.shiro.spring.security.interceptor.AuthorizationAttributeSourceAdvisor] is not eligible for getting processed by all BeanPostProcessors (for example: not eligible for auto-proxying) 
2022-05-25 12:43:46,795 [main][] INFO  o.s.b.w.e.t.TomcatWebServer Tomcat initialized with port(s): 8080 (http) 
2022-05-25 12:43:46,805 [main][] INFO  o.a.c.h.Http11NioProtocol Initializing ProtocolHandler ["http-nio-8080"] 
2022-05-25 12:43:46,805 [main][] INFO  o.a.c.c.StandardService Starting service [Tomcat] 
2022-05-25 12:43:46,805 [main][] INFO  o.a.c.c.StandardEngine Starting Servlet engine: [Apache Tomcat/9.0.41] 
2022-05-25 12:43:46,998 [main][] INFO  o.a.c.c.C.[.[.[/] Initializing Spring embedded WebApplicationContext 
2022-05-25 12:43:46,998 [main][] INFO  o.s.b.w.s.c.ServletWebServerApplicationContext Root WebApplicationContext: initialization completed in 6310 ms 
2022-05-25 12:43:47,614 [main][] INFO  o.a.c.f.i.CuratorFrameworkImpl Starting 
2022-05-25 12:43:47,621 [main][] INFO  o.a.z.ZooKeeper Client environment:zookeeper.version=3.6.0--b4c89dc7f6083829e18fae6e446907ae0b1f22d7, built on 02/25/2020 14:38 GMT 
2022-05-25 12:43:47,621 [main][] INFO  o.a.z.ZooKeeper Client environment:host.name=LAPTOP-4AHHCIO7.mshome.net 
2022-05-25 12:43:47,621 [main][] INFO  o.a.z.ZooKeeper Client environment:java.version=1.8.0_102 
2022-05-25 12:43:47,621 [main][] INFO  o.a.z.ZooKeeper Client environment:java.vendor=Oracle Corporation 
2022-05-25 12:43:47,621 [main][] INFO  o.a.z.ZooKeeper Client environment:java.home=C:\Program Files\Java\jdk1.8.0_102\jre 
2022-05-25 12:43:47,621 [main][] INFO  o.a.z.ZooKeeper Client environment:java.class.path=C:\Program Files\Java\jdk1.8.0_102\jre\lib\charsets.jar;C:\Program Files\Java\jdk1.8.0_102\jre\lib\deploy.jar;C:\Program Files\Java\jdk1.8.0_102\jre\lib\ext\access-bridge-64.jar;C:\Program Files\Java\jdk1.8.0_102\jre\lib\ext\cldrdata.jar;C:\Program Files\Java\jdk1.8.0_102\jre\lib\ext\dnsns.jar;C:\Program Files\Java\jdk1.8.0_102\jre\lib\ext\jaccess.jar;C:\Program Files\Java\jdk1.8.0_102\jre\lib\ext\jfxrt.jar;C:\Program Files\Java\jdk1.8.0_102\jre\lib\ext\localedata.jar;C:\Program Files\Java\jdk1.8.0_102\jre\lib\ext\nashorn.jar;C:\Program Files\Java\jdk1.8.0_102\jre\lib\ext\sunec.jar;C:\Program Files\Java\jdk1.8.0_102\jre\lib\ext\sunjce_provider.jar;C:\Program Files\Java\jdk1.8.0_102\jre\lib\ext\sunmscapi.jar;C:\Program Files\Java\jdk1.8.0_102\jre\lib\ext\sunpkcs11.jar;C:\Program Files\Java\jdk1.8.0_102\jre\lib\ext\zipfs.jar;C:\Program Files\Java\jdk1.8.0_102\jre\lib\javaws.jar;C:\Program Files\Java\jdk1.8.0_102\jre\lib\jce.jar;C:\Program Files\Java\jdk1.8.0_102\jre\lib\jfr.jar;C:\Program Files\Java\jdk1.8.0_102\jre\lib\jfxswt.jar;C:\Program Files\Java\jdk1.8.0_102\jre\lib\jsse.jar;C:\Program Files\Java\jdk1.8.0_102\jre\lib\management-agent.jar;C:\Program Files\Java\jdk1.8.0_102\jre\lib\plugin.jar;C:\Program Files\Java\jdk1.8.0_102\jre\lib\resources.jar;C:\Program Files\Java\jdk1.8.0_102\jre\lib\rt.jar;D:\workspace\wrokspace-spring\songwe2017\target\classes;D:\maven\repository_tianjin\org\springframework\boot\spring-boot-starter-freemarker\2.4.1\spring-boot-starter-freemarker-2.4.1.jar;D:\maven\repository_tianjin\org\springframework\boot\spring-boot-starter\2.4.1\spring-boot-starter-2.4.1.jar;D:\maven\repository_tianjin\org\springframework\boot\spring-boot\2.4.1\spring-boot-2.4.1.jar;D:\maven\repository_tianjin\org\springframework\boot\spring-boot-starter-logging\2.4.1\spring-boot-starter-logging-2.4.1.jar;D:\maven\repository_tianjin\ch\qos\logback\logback-classic\1.2.3\logback-classic-1.2.3.jar;D:\maven\repository_tianjin\ch\qos\logback\logback-core\1.2.3\logback-core-1.2.3.jar;D:\maven\repository_tianjin\org\apache\logging\log4j\log4j-to-slf4j\2.13.3\log4j-to-slf4j-2.13.3.jar;D:\maven\repository_tianjin\org\apache\logging\log4j\log4j-api\2.13.3\log4j-api-2.13.3.jar;D:\maven\repository_tianjin\org\slf4j\jul-to-slf4j\1.7.30\jul-to-slf4j-1.7.30.jar;D:\maven\repository_tianjin\jakarta\annotation\jakarta.annotation-api\1.3.5\jakarta.annotation-api-1.3.5.jar;D:\maven\repository_tianjin\org\yaml\snakeyaml\1.27\snakeyaml-1.27.jar;D:\maven\repository_tianjin\org\freemarker\freemarker\2.3.30\freemarker-2.3.30.jar;D:\maven\repository_tianjin\org\springframework\spring-context-support\5.3.2\spring-context-support-5.3.2.jar;D:\maven\repository_tianjin\org\springframework\spring-beans\5.3.2\spring-beans-5.3.2.jar;D:\maven\repository_tianjin\org\springframework\spring-context\5.3.2\spring-context-5.3.2.jar;D:\maven\repository_tianjin\org\apache\shiro\shiro-spring\1.7.1\shiro-spring-1.7.1.jar;D:\maven\repository_tianjin\org\apache\shiro\shiro-core\1.7.1\shiro-core-1.7.1.jar;D:\maven\repository_tianjin\org\apache\shiro\shiro-lang\1.7.1\shiro-lang-1.7.1.jar;D:\maven\repository_tianjin\org\apache\shiro\shiro-cache\1.7.1\shiro-cache-1.7.1.jar;D:\maven\repository_tianjin\org\apache\shiro\shiro-crypto-hash\1.7.1\shiro-crypto-hash-1.7.1.jar;D:\maven\repository_tianjin\org\apache\shiro\shiro-crypto-core\1.7.1\shiro-crypto-core-1.7.1.jar;D:\maven\repository_tianjin\org\apache\shiro\shiro-crypto-cipher\1.7.1\shiro-crypto-cipher-1.7.1.jar;D:\maven\repository_tianjin\org\apache\shiro\shiro-config-core\1.7.1\shiro-config-core-1.7.1.jar;D:\maven\repository_tianjin\org\apache\shiro\shiro-config-ogdl\1.7.1\shiro-config-ogdl-1.7.1.jar;D:\maven\repository_tianjin\commons-beanutils\commons-beanutils\1.9.4\commons-beanutils-1.9.4.jar;D:\maven\repository_tianjin\org\apache\shiro\shiro-event\1.7.1\shiro-event-1.7.1.jar;D:\maven\repository_tianjin\org\apache\shiro\shiro-web\1.7.1\shiro-web-1.7.1.jar;D:\maven\repository_tianjin\org\owasp\encoder\encoder\1.2.2\encoder-1.2.2.jar;D:\maven\repository_tianjin\org\apache\rocketmq\rocketmq-client\4.7.1\rocketmq-client-4.7.1.jar;D:\maven\repository_tianjin\org\apache\rocketmq\rocketmq-common\4.7.1\rocketmq-common-4.7.1.jar;D:\maven\repository_tianjin\org\apache\rocketmq\rocketmq-remoting\4.7.1\rocketmq-remoting-4.7.1.jar;D:\maven\repository_tianjin\com\alibaba\fastjson\1.2.69\fastjson-1.2.69.jar;D:\maven\repository_tianjin\io\netty\netty-all\4.1.55.Final\netty-all-4.1.55.Final.jar;D:\maven\repository_tianjin\org\apache\rocketmq\rocketmq-logging\4.7.1\rocketmq-logging-4.7.1.jar;D:\maven\repository_tianjin\io\netty\netty-tcnative-boringssl-static\2.0.35.Final\netty-tcnative-boringssl-static-2.0.35.Final.jar;D:\maven\repository_tianjin\commons-validator\commons-validator\1.6\commons-validator-1.6.jar;D:\maven\repository_tianjin\commons-digester\commons-digester\1.8.1\commons-digester-1.8.1.jar;D:\maven\repository_tianjin\commons-logging\commons-logging\1.2\commons-logging-1.2.jar;D:\maven\repository_tianjin\commons-collections\commons-collections\3.2.2\commons-collections-3.2.2.jar;D:\maven\repository_tianjin\com\baomidou\mybatis-plus-boot-starter\3.5.1\mybatis-plus-boot-starter-3.5.1.jar;D:\maven\repository_tianjin\com\baomidou\mybatis-plus\3.5.1\mybatis-plus-3.5.1.jar;D:\maven\repository_tianjin\com\baomidou\mybatis-plus-extension\3.5.1\mybatis-plus-extension-3.5.1.jar;D:\maven\repository_tianjin\com\baomidou\mybatis-plus-core\3.5.1\mybatis-plus-core-3.5.1.jar;D:\maven\repository_tianjin\com\baomidou\mybatis-plus-annotation\3.5.1\mybatis-plus-annotation-3.5.1.jar;D:\maven\repository_tianjin\com\github\jsqlparser\jsqlparser\4.3\jsqlparser-4.3.jar;D:\maven\repository_tianjin\org\mybatis\mybatis\3.5.9\mybatis-3.5.9.jar;D:\maven\repository_tianjin\org\mybatis\mybatis-spring\2.0.6\mybatis-spring-2.0.6.jar;D:\maven\repository_tianjin\org\springframework\boot\spring-boot-autoconfigure\2.4.1\spring-boot-autoconfigure-2.4.1.jar;D:\maven\repository_tianjin\org\springframework\boot\spring-boot-starter-jdbc\2.4.1\spring-boot-starter-jdbc-2.4.1.jar;D:\maven\repository_tianjin\com\zaxxer\HikariCP\3.4.5\HikariCP-3.4.5.jar;D:\maven\repository_tianjin\org\springframework\spring-jdbc\5.3.2\spring-jdbc-5.3.2.jar;D:\maven\repository_tianjin\org\springframework\spring-tx\5.3.2\spring-tx-5.3.2.jar;D:\maven\repository_tianjin\com\baomidou\mybatis-plus-generator\3.5.1\mybatis-plus-generator-3.5.1.jar;D:\maven\repository_tianjin\com\alibaba\druid\1.2.8\druid-1.2.8.jar;D:\maven\repository_tianjin\mysql\mysql-connector-java\8.0.22\mysql-connector-java-8.0.22.jar;D:\maven\repository_tianjin\org\springframework\boot\spring-boot-starter-aop\2.4.1\spring-boot-starter-aop-2.4.1.jar;D:\maven\repository_tianjin\org\springframework\spring-aop\5.3.2\spring-aop-5.3.2.jar;D:\maven\repository_tianjin\org\aspectj\aspectjweaver\1.9.6\aspectjweaver-1.9.6.jar;D:\maven\repository_tianjin\com\google\guava\guava\27.0.1-jre\guava-27.0.1-jre.jar;D:\maven\repository_tianjin\com\google\guava\failureaccess\1.0.1\failureaccess-1.0.1.jar;D:\maven\repository_tianjin\com\google\guava\listenablefuture\9999.0-empty-to-avoid-conflict-with-guava\listenablefuture-9999.0-empty-to-avoid-conflict-with-guava.jar;D:\maven\repository_tianjin\com\google\code\findbugs\jsr305\3.0.2\jsr305-3.0.2.jar;D:\maven\repository_tianjin\org\checkerframework\checker-qual\2.5.2\checker-qual-2.5.2.jar;D:\maven\repository_tianjin\com\google\errorprone\error_prone_annotations\2.2.0\error_prone_annotations-2.2.0.jar;D:\maven\repository_tianjin\com\google\j2objc\j2objc-annotations\1.1\j2objc-annotations-1.1.jar;D:\maven\repository_tianjin\org\codehaus\mojo\animal-sniffer-annotations\1.17\animal-sniffer-annotations-1.17.jar;D:\maven\repository_tianjin\org\redisson\redisson\3.5.4\redisson-3.5.4.jar;D:\maven\repository_tianjin\io\netty\netty-common\4.1.55.Final\netty-common-4.1.55.Final.jar;D:\maven\repository_tianjin\io\netty\netty-codec\4.1.55.Final\netty-codec-4.1.55.Final.jar;D:\maven\repository_tianjin\io\netty\netty-buffer\4.1.55.Final\netty-buffer-4.1.55.Final.jar;D:\maven\repository_tianjin\io\netty\netty-transport\4.1.55.Final\netty-transport-4.1.55.Final.jar;D:\maven\repository_tianjin\io\netty\netty-resolver\4.1.55.Final\netty-resolver-4.1.55.Final.jar;D:\maven\repository_tianjin\io\netty\netty-handler\4.1.55.Final\netty-handler-4.1.55.Final.jar;D:\maven\repository_tianjin\javax\cache\cache-api\1.1.1\cache-api-1.1.1.jar;D:\maven\repository_tianjin\io\projectreactor\reactor-stream\2.0.8.RELEASE\reactor-stream-2.0.8.RELEASE.jar;D:\maven\repository_tianjin\io\projectreactor\reactor-core\3.4.1\reactor-core-3.4.1.jar;D:\maven\repository_tianjin\org\reactivestreams\reactive-streams\1.0.3\reactive-streams-1.0.3.jar;D:\maven\repository_tianjin\org\slf4j\slf4j-api\1.7.30\slf4j-api-1.7.30.jar;D:\maven\repository_tianjin\com\fasterxml\jackson\dataformat\jackson-dataformat-yaml\2.11.3\jackson-dataformat-yaml-2.11.3.jar;D:\maven\repository_tianjin\com\fasterxml\jackson\core\jackson-core\2.11.3\jackson-core-2.11.3.jar;D:\maven\repository_tianjin\com\fasterxml\jackson\core\jackson-databind\2.11.3\jackson-databind-2.11.3.jar;D:\maven\repository_tianjin\com\fasterxml\jackson\core\jackson-annotations\2.11.3\jackson-annotations-2.11.3.jar;D:\maven\repository_tianjin\net\openhft\zero-allocation-hashing\0.8\zero-allocation-hashing-0.8.jar;D:\maven\repository_tianjin\net\bytebuddy\byte-buddy\1.10.18\byte-buddy-1.10.18.jar;D:\maven\repository_tianjin\org\jodd\jodd-bean\3.7.1\jodd-bean-3.7.1.jar;D:\maven\repository_tianjin\org\jodd\jodd-core\3.7.1\jodd-core-3.7.1.jar;D:\maven\repository_tianjin\org\apache\curator\curator-framework\5.1.0\curator-framework-5.1.0.jar;D:\maven\repository_tianjin\org\apache\curator\curator-client\5.1.0\curator-client-5.1.0.jar;D:\maven\repository_tianjin\org\apache\zookeeper\zookeeper\3.6.0\zookeeper-3.6.0.jar;D:\maven\repository_tianjin\commons-lang\commons-lang\2.6\commons-lang-2.6.jar;D:\maven\repository_tianjin\org\apache\zookeeper\zookeeper-jute\3.6.0\zookeeper-jute-3.6.0.jar;D:\maven\repository_tianjin\org\apache\yetus\audience-annotations\0.5.0\audience-annotations-0.5.0.jar;D:\maven\repository_tianjin\io\netty\netty-transport-native-epoll\4.1.55.Final\netty-transport-native-epoll-4.1.55.Final.jar;D:\maven\repository_tianjin\io\netty\netty-transport-native-unix-common\4.1.55.Final\netty-transport-native-unix-common-4.1.55.Final.jar;D:\maven\repository_tianjin\org\apache\curator\curator-recipes\5.1.0\curator-recipes-5.1.0.jar;D:\maven\repository_tianjin\org\apache\curator\curator-examples\5.1.0\curator-examples-5.1.0.jar;D:\maven\repository_tianjin\org\apache\curator\curator-test\5.1.0\curator-test-5.1.0.jar;D:\maven\repository_tianjin\io\dropwizard\metrics\metrics-core\4.1.16\metrics-core-4.1.16.jar;D:\maven\repository_tianjin\org\xerial\snappy\snappy-java\1.1.7\snappy-java-1.1.7.jar;D:\maven\repository_tianjin\org\apache\curator\curator-x-discovery\5.1.0\curator-x-discovery-5.1.0.jar;D:\maven\repository_tianjin\org\apache\curator\curator-x-async\5.1.0\curator-x-async-5.1.0.jar;D:\maven\repository_tianjin\org\slf4j\slf4j-log4j12\1.7.30\slf4j-log4j12-1.7.30.jar;D:\maven\repository_tianjin\log4j\log4j\1.2.17\log4j-1.2.17.jar;D:\maven\repository_tianjin\org\javassist\javassist\3.27.0-GA\javassist-3.27.0-GA.jar;D:\maven\repository_tianjin\javax\validation\validation-api\2.0.1.Final\validation-api-2.0.1.Final.jar;D:\maven\repository_tianjin\org\hibernate\hibernate-validator\5.0.1.Final\hibernate-validator-5.0.1.Final.jar;D:\maven\repository_tianjin\org\jboss\logging\jboss-logging\3.4.1.Final\jboss-logging-3.4.1.Final.jar;D:\maven\repository_tianjin\com\fasterxml\classmate\1.5.1\classmate-1.5.1.jar;D:\maven\repository_tianjin\org\apache\commons\commons-lang3\3.11\commons-lang3-3.11.jar;D:\maven\repository_tianjin\org\springframework\boot\spring-boot-starter-web\2.4.1\spring-boot-starter-web-2.4.1.jar;D:\maven\repository_tianjin\org\springframework\boot\spring-boot-starter-json\2.4.1\spring-boot-starter-json-2.4.1.jar;D:\maven\repository_tianjin\com\fasterxml\jackson\datatype\jackson-datatype-jdk8\2.11.3\jackson-datatype-jdk8-2.11.3.jar;D:\maven\repository_tianjin\com\fasterxml\jackson\datatype\jackson-datatype-jsr310\2.11.3\jackson-datatype-jsr310-2.11.3.jar;D:\maven\repository_tianjin\com\fasterxml\jackson\module\jackson-module-parameter-names\2.11.3\jackson-module-parameter-names-2.11.3.jar;D:\maven\repository_tianjin\org\springframework\boot\spring-boot-starter-tomcat\2.4.1\spring-boot-starter-tomcat-2.4.1.jar;D:\maven\repository_tianjin\org\apache\tomcat\embed\tomcat-embed-core\9.0.41\tomcat-embed-core-9.0.41.jar;D:\maven\repository_tianjin\org\glassfish\jakarta.el\3.0.3\jakarta.el-3.0.3.jar;D:\maven\repository_tianjin\org\apache\tomcat\embed\tomcat-embed-websocket\9.0.41\tomcat-embed-websocket-9.0.41.jar;D:\maven\repository_tianjin\org\springframework\spring-web\5.3.2\spring-web-5.3.2.jar;D:\maven\repository_tianjin\org\springframework\spring-webmvc\5.3.2\spring-webmvc-5.3.2.jar;D:\maven\repository_tianjin\org\springframework\spring-expression\5.3.2\spring-expression-5.3.2.jar;D:\maven\repository_tianjin\org\projectlombok\lombok\1.18.16\lombok-1.18.16.jar;D:\maven\repository_tianjin\org\springframework\spring-core\5.3.2\spring-core-5.3.2.jar;D:\maven\repository_tianjin\org\springframework\spring-jcl\5.3.2\spring-jcl-5.3.2.jar;D:\Program Files\JetBrains\IntelliJ IDEA 2019.1.3\lib\idea_rt.jar 
2022-05-25 12:43:47,622 [main][] INFO  o.a.z.ZooKeeper Client environment:java.library.path=C:\Program Files\Java\jdk1.8.0_102\bin;C:\WINDOWS\Sun\Java\bin;C:\WINDOWS\system32;C:\WINDOWS;C:\ProgramData\Oracle\Java\javapath;C:\Program Files (x86)\Common Files\NetSarang;C:\Program Files\Java\jdk1.8.0_102\bin;D:\java\apache-maven-3.3.9\bin;C:\Windows\system32;C:\Windows;C:\Windows\System32\Wbem;C:\Windows\System32\WindowsPowerShell\v1.0\;C:\Program Files (x86)\NVIDIA Corporation\PhysX\Common;D:\Program Files\Git\cmd;C:\WINDOWS\system32;C:\WINDOWS;C:\WINDOWS\System32\Wbem;C:\WINDOWS\System32\WindowsPowerShell\v1.0\;D:\Program Files (x86)\CSPClient;C:\WINDOWS\System32\OpenSSH\;D:\Program Files\TortoiseGit\bin;C:\Program Files\Intel\WiFi\bin\;C:\Program Files\Common Files\Intel\WirelessCommon\;D:\java\;C:\Program Files\NVIDIA Corporation\NVIDIA NvDLISR;D:\java\gradle-4.9\bin;D:\gradle;;C:\WINDOWS\system32;C:\WINDOWS;C:\WINDOWS\System32\Wbem;C:\WINDOWS\System32\WindowsPowerShell\v1.0\;C:\WINDOWS\System32\OpenSSH\;C:\Program Files (x86)\Common Files\Autodesk Shared\;c:\Program Files (x86)\Intel\Intel(R) Management Engine Components\DAL;c:\Program Files\Intel\Intel(R) Management Engine Components\DAL;C:\Program Files\Common Files\Autodesk Shared\;C:\Program Files\MySQL\MySQL Shell 8.0\bin\;. 
2022-05-25 12:43:47,622 [main][] INFO  o.a.z.ZooKeeper Client environment:java.io.tmpdir=C:\Users\Songbing\AppData\Local\Temp\ 
2022-05-25 12:43:47,622 [main][] INFO  o.a.z.ZooKeeper Client environment:java.compiler=<NA> 
2022-05-25 12:43:47,622 [main][] INFO  o.a.z.ZooKeeper Client environment:os.name=Windows 10 
2022-05-25 12:43:47,622 [main][] INFO  o.a.z.ZooKeeper Client environment:os.arch=amd64 
2022-05-25 12:43:47,622 [main][] INFO  o.a.z.ZooKeeper Client environment:os.version=10.0 
2022-05-25 12:43:47,622 [main][] INFO  o.a.z.ZooKeeper Client environment:user.name=Songbing 
2022-05-25 12:43:47,622 [main][] INFO  o.a.z.ZooKeeper Client environment:user.home=C:\Users\Songbing 
2022-05-25 12:43:47,623 [main][] INFO  o.a.z.ZooKeeper Client environment:user.dir=D:\workspace\wrokspace-spring\songwe2017 
2022-05-25 12:43:47,623 [main][] INFO  o.a.z.ZooKeeper Client environment:os.memory.free=158MB 
2022-05-25 12:43:47,623 [main][] INFO  o.a.z.ZooKeeper Client environment:os.memory.max=3612MB 
2022-05-25 12:43:47,623 [main][] INFO  o.a.z.ZooKeeper Client environment:os.memory.total=336MB 
2022-05-25 12:43:47,626 [main][] INFO  o.a.z.ZooKeeper Initiating client connection, connectString=127.0.0.1:2181 sessionTimeout=50000 watcher=org.apache.curator.ConnectionState@4784efd9 
2022-05-25 12:43:47,629 [main][] INFO  o.a.z.c.X509Util Setting -D jdk.tls.rejectClientInitiatedRenegotiation=true to disable client-initiated TLS renegotiation 
2022-05-25 12:43:47,642 [main][] INFO  o.a.z.ClientCnxnSocket jute.maxbuffer value is 1048575 Bytes 
2022-05-25 12:43:47,648 [main][] INFO  o.a.z.ClientCnxn zookeeper.request.timeout value is 0. feature enabled=false 
2022-05-25 12:43:47,656 [main-SendThread(127.0.0.1:2181)][] INFO  o.a.z.ClientCnxn Opening socket connection to server 127.0.0.1/127.0.0.1:2181. 
2022-05-25 12:43:47,657 [main-SendThread(127.0.0.1:2181)][] INFO  o.a.z.ClientCnxn SASL config status: Will not attempt to authenticate using SASL (unknown error) 
2022-05-25 12:43:47,659 [main-SendThread(127.0.0.1:2181)][] INFO  o.a.z.ClientCnxn Socket connection established, initiating session, client: /127.0.0.1:60951, server: 127.0.0.1/127.0.0.1:2181 
2022-05-25 12:43:47,662 [main][] INFO  o.a.c.f.i.CuratorFrameworkImpl Default schema 
2022-05-25 12:43:47,731 [main-SendThread(127.0.0.1:2181)][] INFO  o.a.z.ClientCnxn Session establishment complete on server 127.0.0.1/127.0.0.1:2181, session id = 0x10000018e2d00b0, negotiated timeout = 40000 
2022-05-25 12:43:47,741 [main-EventThread][] INFO  o.a.c.f.s.ConnectionStateManager State change: CONNECTED 
2022-05-25 12:43:47,749 [Curator-ConnectionStateManager-0][] INFO  c.a.d.z.c.ZookeeperConfiguration Curator 连接成功！ 
2022-05-25 12:43:47,761 [main-EventThread][] INFO  o.a.c.f.i.EnsembleTracker New config event received: {} 
2022-05-25 12:43:47,761 [main-EventThread][] INFO  o.a.c.f.i.EnsembleTracker New config event received: {} 
2022-05-25 12:43:47,959 [main][] INFO  o.s.s.c.ThreadPoolTaskExecutor Initializing ExecutorService 'applicationTaskExecutor' 
2022-05-25 12:43:48,123 [main][] INFO  o.s.b.a.w.s.WelcomePageHandlerMapping Adding welcome page template: index 
2022-05-25 12:43:48,503 [main][] INFO  o.s.s.c.ThreadPoolTaskScheduler Initializing ExecutorService 'taskScheduler' 
2022-05-25 12:43:48,573 [main][] INFO  o.a.c.h.Http11NioProtocol Starting ProtocolHandler ["http-nio-8080"] 
2022-05-25 12:43:48,588 [main][] INFO  o.s.b.w.e.t.TomcatWebServer Tomcat started on port(s): 8080 (http) with context path '' 
2022-05-25 12:43:48,600 [main][] INFO  c.a.d.DemoApplication Started DemoApplication in 8.652 seconds (JVM running for 11.516) 
2022-05-25 12:44:18,172 [http-nio-8080-exec-1][] INFO  o.a.c.c.C.[.[.[/] Initializing Spring DispatcherServlet 'dispatcherServlet' 
2022-05-25 12:44:18,172 [http-nio-8080-exec-1][] INFO  o.s.w.s.DispatcherServlet Initializing Servlet 'dispatcherServlet' 
2022-05-25 12:44:18,173 [http-nio-8080-exec-1][] INFO  o.s.w.s.DispatcherServlet Completed initialization in 1 ms 
2022-05-25 12:44:18,447 [http-nio-8080-exec-2][] ERROR o.a.c.c.C.[.[.[.[dispatcherServlet] Servlet.service() for servlet [dispatcherServlet] in context with path [] threw exception [Request processing failed; nested exception is freemarker.core.InvalidReferenceException: The following has evaluated to null or missing:
==> request  [in template "login.html" at line 9, column 34]

----
Tip: If the failing expression is known to legally refer to something that's sometimes null or missing, either specify a default value like myOptionalVar!myDefault, or use <#if myOptionalVar??>when-present<#else>when-missing</#if>. (These only cover the last step of the expression; to cover the whole expression, use parenthesis: (myOptionalVar.foo)!myDefault, (myOptionalVar.foo)??
----

----
FTL stack trace ("~" means nesting-related):
	- Failed at: ${request.contextPath}  [in template "login.html" at line 9, column 32]
----] with root cause 
freemarker.core.InvalidReferenceException: The following has evaluated to null or missing:
==> request  [in template "login.html" at line 9, column 34]

----
Tip: If the failing expression is known to legally refer to something that's sometimes null or missing, either specify a default value like myOptionalVar!myDefault, or use <#if myOptionalVar??>when-present<#else>when-missing</#if>. (These only cover the last step of the expression; to cover the whole expression, use parenthesis: (myOptionalVar.foo)!myDefault, (myOptionalVar.foo)??
----

----
FTL stack trace ("~" means nesting-related):
	- Failed at: ${request.contextPath}  [in template "login.html" at line 9, column 32]
----
	at freemarker.core.InvalidReferenceException.getInstance(InvalidReferenceException.java:134)
	at freemarker.core.UnexpectedTypeException.newDescriptionBuilder(UnexpectedTypeException.java:85)
	at freemarker.core.UnexpectedTypeException.<init>(UnexpectedTypeException.java:48)
	at freemarker.core.NonHashException.<init>(NonHashException.java:49)
	at freemarker.core.Dot._eval(Dot.java:48)
	at freemarker.core.Expression.eval(Expression.java:101)
	at freemarker.core.DollarVariable.calculateInterpolatedStringOrMarkup(DollarVariable.java:100)
	at freemarker.core.DollarVariable.accept(DollarVariable.java:63)
	at freemarker.core.Environment.visit(Environment.java:334)
	at freemarker.core.Environment.visit(Environment.java:340)
	at freemarker.core.Environment.process(Environment.java:313)
	at freemarker.template.Template.process(Template.java:383)
	at org.springframework.web.servlet.view.freemarker.FreeMarkerView.processTemplate(FreeMarkerView.java:391)
	at org.springframework.web.servlet.view.freemarker.FreeMarkerView.doRender(FreeMarkerView.java:304)
	at org.springframework.web.servlet.view.freemarker.FreeMarkerView.renderMergedTemplateModel(FreeMarkerView.java:255)
	at org.springframework.web.servlet.view.AbstractTemplateView.renderMergedOutputModel(AbstractTemplateView.java:179)
	at org.springframework.web.servlet.view.AbstractView.render(AbstractView.java:316)
	at org.springframework.web.servlet.DispatcherServlet.render(DispatcherServlet.java:1394)
	at org.springframework.web.servlet.DispatcherServlet.processDispatchResult(DispatcherServlet.java:1139)
	at org.springframework.web.servlet.DispatcherServlet.doDispatch(DispatcherServlet.java:1078)
	at org.springframework.web.servlet.DispatcherServlet.doService(DispatcherServlet.java:961)
	at org.springframework.web.servlet.FrameworkServlet.processRequest(FrameworkServlet.java:1006)
	at org.springframework.web.servlet.FrameworkServlet.doGet(FrameworkServlet.java:898)
	at javax.servlet.http.HttpServlet.service(HttpServlet.java:626)
	at org.springframework.web.servlet.FrameworkServlet.service(FrameworkServlet.java:883)
	at javax.servlet.http.HttpServlet.service(HttpServlet.java:733)
	at org.apache.catalina.core.ApplicationFilterChain.internalDoFilter(ApplicationFilterChain.java:231)
	at org.apache.catalina.core.ApplicationFilterChain.doFilter(ApplicationFilterChain.java:166)
	at org.apache.tomcat.websocket.server.WsFilter.doFilter(WsFilter.java:53)
	at org.apache.catalina.core.ApplicationFilterChain.internalDoFilter(ApplicationFilterChain.java:193)
	at org.apache.catalina.core.ApplicationFilterChain.doFilter(ApplicationFilterChain.java:166)
	at org.apache.shiro.web.servlet.ProxiedFilterChain.doFilter(ProxiedFilterChain.java:61)
	at org.apache.shiro.web.servlet.AdviceFilter.executeChain(AdviceFilter.java:108)
	at org.apache.shiro.web.servlet.AdviceFilter.doFilterInternal(AdviceFilter.java:137)
	at org.apache.shiro.web.servlet.OncePerRequestFilter.doFilter(OncePerRequestFilter.java:125)
	at org.apache.shiro.web.servlet.ProxiedFilterChain.doFilter(ProxiedFilterChain.java:66)
	at org.apache.shiro.web.servlet.AdviceFilter.executeChain(AdviceFilter.java:108)
	at org.apache.shiro.web.servlet.AdviceFilter.doFilterInternal(AdviceFilter.java:137)
	at org.apache.shiro.web.servlet.OncePerRequestFilter.doFilter(OncePerRequestFilter.java:125)
	at org.apache.shiro.web.servlet.ProxiedFilterChain.doFilter(ProxiedFilterChain.java:66)
	at org.apache.shiro.web.servlet.AbstractShiroFilter.executeChain(AbstractShiroFilter.java:450)
	at org.apache.shiro.web.servlet.AbstractShiroFilter$1.call(AbstractShiroFilter.java:365)
	at org.apache.shiro.subject.support.SubjectCallable.doCall(SubjectCallable.java:90)
	at org.apache.shiro.subject.support.SubjectCallable.call(SubjectCallable.java:83)
	at org.apache.shiro.subject.support.DelegatingSubject.execute(DelegatingSubject.java:387)
	at org.apache.shiro.web.servlet.AbstractShiroFilter.doFilterInternal(AbstractShiroFilter.java:362)
	at org.apache.shiro.web.servlet.OncePerRequestFilter.doFilter(OncePerRequestFilter.java:125)
	at org.apache.catalina.core.ApplicationFilterChain.internalDoFilter(ApplicationFilterChain.java:193)
	at org.apache.catalina.core.ApplicationFilterChain.doFilter(ApplicationFilterChain.java:166)
	at org.springframework.web.filter.RequestContextFilter.doFilterInternal(RequestContextFilter.java:100)
	at org.springframework.web.filter.OncePerRequestFilter.doFilter(OncePerRequestFilter.java:119)
	at org.apache.catalina.core.ApplicationFilterChain.internalDoFilter(ApplicationFilterChain.java:193)
	at org.apache.catalina.core.ApplicationFilterChain.doFilter(ApplicationFilterChain.java:166)
	at org.springframework.web.filter.FormContentFilter.doFilterInternal(FormContentFilter.java:93)
	at org.springframework.web.filter.OncePerRequestFilter.doFilter(OncePerRequestFilter.java:119)
	at org.apache.catalina.core.ApplicationFilterChain.internalDoFilter(ApplicationFilterChain.java:193)
	at org.apache.catalina.core.ApplicationFilterChain.doFilter(ApplicationFilterChain.java:166)
	at org.springframework.web.filter.CharacterEncodingFilter.doFilterInternal(CharacterEncodingFilter.java:201)
	at org.springframework.web.filter.OncePerRequestFilter.doFilter(OncePerRequestFilter.java:119)
	at org.apache.catalina.core.ApplicationFilterChain.internalDoFilter(ApplicationFilterChain.java:193)
	at org.apache.catalina.core.ApplicationFilterChain.doFilter(ApplicationFilterChain.java:166)
	at org.apache.catalina.core.StandardWrapperValve.invoke(StandardWrapperValve.java:202)
	at org.apache.catalina.core.StandardContextValve.invoke(StandardContextValve.java:97)
	at org.apache.catalina.authenticator.AuthenticatorBase.invoke(AuthenticatorBase.java:542)
	at org.apache.catalina.core.StandardHostValve.invoke(StandardHostValve.java:143)
	at org.apache.catalina.valves.ErrorReportValve.invoke(ErrorReportValve.java:92)
	at org.apache.catalina.core.StandardEngineValve.invoke(StandardEngineValve.java:78)
	at org.apache.catalina.connector.CoyoteAdapter.service(CoyoteAdapter.java:343)
	at org.apache.coyote.http11.Http11Processor.service(Http11Processor.java:374)
	at org.apache.coyote.AbstractProcessorLight.process(AbstractProcessorLight.java:65)
	at org.apache.coyote.AbstractProtocol$ConnectionHandler.process(AbstractProtocol.java:888)
	at org.apache.tomcat.util.net.NioEndpoint$SocketProcessor.doRun(NioEndpoint.java:1597)
	at org.apache.tomcat.util.net.SocketProcessorBase.run(SocketProcessorBase.java:49)
	at java.util.concurrent.ThreadPoolExecutor.runWorker(ThreadPoolExecutor.java:1142)
	at java.util.concurrent.ThreadPoolExecutor$Worker.run(ThreadPoolExecutor.java:617)
	at org.apache.tomcat.util.threads.TaskThread$WrappingRunnable.run(TaskThread.java:61)
	at java.lang.Thread.run(Thread.java:745)
2022-05-25 12:44:18,512 [http-nio-8080-exec-2][] ERROR o.s.b.a.w.s.e.ErrorMvcAutoConfiguration$StaticView Cannot render error page for request [/login.html] and exception [] as the response has already been committed. As a result, the response may have the wrong status code. 
2022-05-25 12:44:33,491 [http-nio-8080-exec-5][] ERROR o.a.c.c.C.[.[.[.[dispatcherServlet] Servlet.service() for servlet [dispatcherServlet] in context with path [] threw exception [Request processing failed; nested exception is freemarker.core.InvalidReferenceException: The following has evaluated to null or missing:
==> request  [in template "login.html" at line 9, column 34]

----
Tip: If the failing expression is known to legally refer to something that's sometimes null or missing, either specify a default value like myOptionalVar!myDefault, or use <#if myOptionalVar??>when-present<#else>when-missing</#if>. (These only cover the last step of the expression; to cover the whole expression, use parenthesis: (myOptionalVar.foo)!myDefault, (myOptionalVar.foo)??
----

----
FTL stack trace ("~" means nesting-related):
	- Failed at: ${request.contextPath}  [in template "login.html" at line 9, column 32]
----] with root cause 
freemarker.core.InvalidReferenceException: The following has evaluated to null or missing:
==> request  [in template "login.html" at line 9, column 34]

----
Tip: If the failing expression is known to legally refer to something that's sometimes null or missing, either specify a default value like myOptionalVar!myDefault, or use <#if myOptionalVar??>when-present<#else>when-missing</#if>. (These only cover the last step of the expression; to cover the whole expression, use parenthesis: (myOptionalVar.foo)!myDefault, (myOptionalVar.foo)??
----

----
FTL stack trace ("~" means nesting-related):
	- Failed at: ${request.contextPath}  [in template "login.html" at line 9, column 32]
----
	at freemarker.core.InvalidReferenceException.getInstance(InvalidReferenceException.java:134)
	at freemarker.core.UnexpectedTypeException.newDescriptionBuilder(UnexpectedTypeException.java:85)
	at freemarker.core.UnexpectedTypeException.<init>(UnexpectedTypeException.java:48)
	at freemarker.core.NonHashException.<init>(NonHashException.java:49)
	at freemarker.core.Dot._eval(Dot.java:48)
	at freemarker.core.Expression.eval(Expression.java:101)
	at freemarker.core.DollarVariable.calculateInterpolatedStringOrMarkup(DollarVariable.java:100)
	at freemarker.core.DollarVariable.accept(DollarVariable.java:63)
	at freemarker.core.Environment.visit(Environment.java:334)
	at freemarker.core.Environment.visit(Environment.java:340)
	at freemarker.core.Environment.process(Environment.java:313)
	at freemarker.template.Template.process(Template.java:383)
	at org.springframework.web.servlet.view.freemarker.FreeMarkerView.processTemplate(FreeMarkerView.java:391)
	at org.springframework.web.servlet.view.freemarker.FreeMarkerView.doRender(FreeMarkerView.java:304)
	at org.springframework.web.servlet.view.freemarker.FreeMarkerView.renderMergedTemplateModel(FreeMarkerView.java:255)
	at org.springframework.web.servlet.view.AbstractTemplateView.renderMergedOutputModel(AbstractTemplateView.java:179)
	at org.springframework.web.servlet.view.AbstractView.render(AbstractView.java:316)
	at org.springframework.web.servlet.DispatcherServlet.render(DispatcherServlet.java:1394)
	at org.springframework.web.servlet.DispatcherServlet.processDispatchResult(DispatcherServlet.java:1139)
	at org.springframework.web.servlet.DispatcherServlet.doDispatch(DispatcherServlet.java:1078)
	at org.springframework.web.servlet.DispatcherServlet.doService(DispatcherServlet.java:961)
	at org.springframework.web.servlet.FrameworkServlet.processRequest(FrameworkServlet.java:1006)
	at org.springframework.web.servlet.FrameworkServlet.doGet(FrameworkServlet.java:898)
	at javax.servlet.http.HttpServlet.service(HttpServlet.java:626)
	at org.springframework.web.servlet.FrameworkServlet.service(FrameworkServlet.java:883)
	at javax.servlet.http.HttpServlet.service(HttpServlet.java:733)
	at org.apache.catalina.core.ApplicationFilterChain.internalDoFilter(ApplicationFilterChain.java:231)
	at org.apache.catalina.core.ApplicationFilterChain.doFilter(ApplicationFilterChain.java:166)
	at org.apache.tomcat.websocket.server.WsFilter.doFilter(WsFilter.java:53)
	at org.apache.catalina.core.ApplicationFilterChain.internalDoFilter(ApplicationFilterChain.java:193)
	at org.apache.catalina.core.ApplicationFilterChain.doFilter(ApplicationFilterChain.java:166)
	at org.apache.shiro.web.servlet.ProxiedFilterChain.doFilter(ProxiedFilterChain.java:61)
	at org.apache.shiro.web.servlet.AdviceFilter.executeChain(AdviceFilter.java:108)
	at org.apache.shiro.web.servlet.AdviceFilter.doFilterInternal(AdviceFilter.java:137)
	at org.apache.shiro.web.servlet.OncePerRequestFilter.doFilter(OncePerRequestFilter.java:125)
	at org.apache.shiro.web.servlet.ProxiedFilterChain.doFilter(ProxiedFilterChain.java:66)
	at org.apache.shiro.web.servlet.AdviceFilter.executeChain(AdviceFilter.java:108)
	at org.apache.shiro.web.servlet.AdviceFilter.doFilterInternal(AdviceFilter.java:137)
	at org.apache.shiro.web.servlet.OncePerRequestFilter.doFilter(OncePerRequestFilter.java:125)
	at org.apache.shiro.web.servlet.ProxiedFilterChain.doFilter(ProxiedFilterChain.java:66)
	at org.apache.shiro.web.servlet.AbstractShiroFilter.executeChain(AbstractShiroFilter.java:450)
	at org.apache.shiro.web.servlet.AbstractShiroFilter$1.call(AbstractShiroFilter.java:365)
	at org.apache.shiro.subject.support.SubjectCallable.doCall(SubjectCallable.java:90)
	at org.apache.shiro.subject.support.SubjectCallable.call(SubjectCallable.java:83)
	at org.apache.shiro.subject.support.DelegatingSubject.execute(DelegatingSubject.java:387)
	at org.apache.shiro.web.servlet.AbstractShiroFilter.doFilterInternal(AbstractShiroFilter.java:362)
	at org.apache.shiro.web.servlet.OncePerRequestFilter.doFilter(OncePerRequestFilter.java:125)
	at org.apache.catalina.core.ApplicationFilterChain.internalDoFilter(ApplicationFilterChain.java:193)
	at org.apache.catalina.core.ApplicationFilterChain.doFilter(ApplicationFilterChain.java:166)
	at org.springframework.web.filter.RequestContextFilter.doFilterInternal(RequestContextFilter.java:100)
	at org.springframework.web.filter.OncePerRequestFilter.doFilter(OncePerRequestFilter.java:119)
	at org.apache.catalina.core.ApplicationFilterChain.internalDoFilter(ApplicationFilterChain.java:193)
	at org.apache.catalina.core.ApplicationFilterChain.doFilter(ApplicationFilterChain.java:166)
	at org.springframework.web.filter.FormContentFilter.doFilterInternal(FormContentFilter.java:93)
	at org.springframework.web.filter.OncePerRequestFilter.doFilter(OncePerRequestFilter.java:119)
	at org.apache.catalina.core.ApplicationFilterChain.internalDoFilter(ApplicationFilterChain.java:193)
	at org.apache.catalina.core.ApplicationFilterChain.doFilter(ApplicationFilterChain.java:166)
	at org.springframework.web.filter.CharacterEncodingFilter.doFilterInternal(CharacterEncodingFilter.java:201)
	at org.springframework.web.filter.OncePerRequestFilter.doFilter(OncePerRequestFilter.java:119)
	at org.apache.catalina.core.ApplicationFilterChain.internalDoFilter(ApplicationFilterChain.java:193)
	at org.apache.catalina.core.ApplicationFilterChain.doFilter(ApplicationFilterChain.java:166)
	at org.apache.catalina.core.StandardWrapperValve.invoke(StandardWrapperValve.java:202)
	at org.apache.catalina.core.StandardContextValve.invoke(StandardContextValve.java:97)
	at org.apache.catalina.authenticator.AuthenticatorBase.invoke(AuthenticatorBase.java:542)
	at org.apache.catalina.core.StandardHostValve.invoke(StandardHostValve.java:143)
	at org.apache.catalina.valves.ErrorReportValve.invoke(ErrorReportValve.java:92)
	at org.apache.catalina.core.StandardEngineValve.invoke(StandardEngineValve.java:78)
	at org.apache.catalina.connector.CoyoteAdapter.service(CoyoteAdapter.java:343)
	at org.apache.coyote.http11.Http11Processor.service(Http11Processor.java:374)
	at org.apache.coyote.AbstractProcessorLight.process(AbstractProcessorLight.java:65)
	at org.apache.coyote.AbstractProtocol$ConnectionHandler.process(AbstractProtocol.java:888)
	at org.apache.tomcat.util.net.NioEndpoint$SocketProcessor.doRun(NioEndpoint.java:1597)
	at org.apache.tomcat.util.net.SocketProcessorBase.run(SocketProcessorBase.java:49)
	at java.util.concurrent.ThreadPoolExecutor.runWorker(ThreadPoolExecutor.java:1142)
	at java.util.concurrent.ThreadPoolExecutor$Worker.run(ThreadPoolExecutor.java:617)
	at org.apache.tomcat.util.threads.TaskThread$WrappingRunnable.run(TaskThread.java:61)
	at java.lang.Thread.run(Thread.java:745)
2022-05-25 12:44:33,510 [http-nio-8080-exec-5][] ERROR o.s.b.a.w.s.e.ErrorMvcAutoConfiguration$StaticView Cannot render error page for request [/login.html] and exception [] as the response has already been committed. As a result, the response may have the wrong status code. 
2022-05-25 12:47:50,094 [main][] INFO  c.a.d.DemoApplication Starting DemoApplication using Java 1.8.0_102 on LAPTOP-4AHHCIO7 with PID 30864 (D:\workspace\wrokspace-spring\songwe2017\target\classes started by Songbing in D:\workspace\wrokspace-spring\songwe2017) 
2022-05-25 12:47:50,094 [main][] INFO  c.a.d.DemoApplication No active profile set, falling back to default profiles: default 
2022-05-25 12:47:50,104 [background-preinit][] INFO  o.h.v.i.u.Version HV000001: Hibernate Validator 5.0.1.Final 
2022-05-25 12:47:51,018 [main][] INFO  o.s.c.s.PostProcessorRegistrationDelegate$BeanPostProcessorChecker Bean 'shiroConfig' of type [ShiroConfig$$EnhancerBySpringCGLIB$$f01043cd] is not eligible for getting processed by all BeanPostProcessors (for example: not eligible for auto-proxying) 
2022-05-25 12:47:51,108 [main][] INFO  o.s.c.s.PostProcessorRegistrationDelegate$BeanPostProcessorChecker Bean 'mybatis-plus-com.baomidou.mybatisplus.autoconfigure.MybatisPlusProperties' of type [com.baomidou.mybatisplus.autoconfigure.MybatisPlusProperties] is not eligible for getting processed by all BeanPostProcessors (for example: not eligible for auto-proxying) 
2022-05-25 12:47:51,118 [main][] INFO  o.s.c.s.PostProcessorRegistrationDelegate$BeanPostProcessorChecker Bean 'com.baomidou.mybatisplus.autoconfigure.MybatisPlusAutoConfiguration' of type [com.baomidou.mybatisplus.autoconfigure.MybatisPlusAutoConfiguration] is not eligible for getting processed by all BeanPostProcessors (for example: not eligible for auto-proxying) 
2022-05-25 12:47:51,118 [main][] INFO  o.s.c.s.PostProcessorRegistrationDelegate$BeanPostProcessorChecker Bean 'org.springframework.boot.autoconfigure.jdbc.DataSourceConfiguration$Generic' of type [org.springframework.boot.autoconfigure.jdbc.DataSourceConfiguration$Generic] is not eligible for getting processed by all BeanPostProcessors (for example: not eligible for auto-proxying) 
2022-05-25 12:47:51,138 [main][] INFO  o.s.c.s.PostProcessorRegistrationDelegate$BeanPostProcessorChecker Bean 'spring.datasource-org.springframework.boot.autoconfigure.jdbc.DataSourceProperties' of type [org.springframework.boot.autoconfigure.jdbc.DataSourceProperties] is not eligible for getting processed by all BeanPostProcessors (for example: not eligible for auto-proxying) 
2022-05-25 12:47:51,168 [main][] INFO  o.s.c.s.PostProcessorRegistrationDelegate$BeanPostProcessorChecker Bean 'dataSource' of type [com.alibaba.druid.pool.DruidDataSource] is not eligible for getting processed by all BeanPostProcessors (for example: not eligible for auto-proxying) 
2022-05-25 12:47:53,403 [main][] INFO  o.s.c.s.PostProcessorRegistrationDelegate$BeanPostProcessorChecker Bean 'sqlSessionFactory' of type [org.apache.ibatis.session.defaults.DefaultSqlSessionFactory] is not eligible for getting processed by all BeanPostProcessors (for example: not eligible for auto-proxying) 
2022-05-25 12:47:53,403 [main][] INFO  o.s.c.s.PostProcessorRegistrationDelegate$BeanPostProcessorChecker Bean 'sqlSessionTemplate' of type [org.mybatis.spring.SqlSessionTemplate] is not eligible for getting processed by all BeanPostProcessors (for example: not eligible for auto-proxying) 
2022-05-25 12:47:53,571 [main][] INFO  o.s.c.s.PostProcessorRegistrationDelegate$BeanPostProcessorChecker Bean 'userMapper' of type [org.mybatis.spring.mapper.MapperFactoryBean] is not eligible for getting processed by all BeanPostProcessors (for example: not eligible for auto-proxying) 
2022-05-25 12:47:53,574 [main][] INFO  o.s.c.s.PostProcessorRegistrationDelegate$BeanPostProcessorChecker Bean 'userMapper' of type [com.sun.proxy.$Proxy55] is not eligible for getting processed by all BeanPostProcessors (for example: not eligible for auto-proxying) 
2022-05-25 12:47:53,575 [main][] INFO  o.s.c.s.PostProcessorRegistrationDelegate$BeanPostProcessorChecker Bean 'userServiceImpl' of type [UserServiceImpl] is not eligible for getting processed by all BeanPostProcessors (for example: not eligible for auto-proxying) 
2022-05-25 12:47:53,576 [main][] INFO  o.s.c.s.PostProcessorRegistrationDelegate$BeanPostProcessorChecker Bean 'defaultRelam' of type [DefaultRealm] is not eligible for getting processed by all BeanPostProcessors (for example: not eligible for auto-proxying) 
2022-05-25 12:47:53,580 [main][] INFO  o.s.c.s.PostProcessorRegistrationDelegate$BeanPostProcessorChecker Bean 'simpleCookie' of type [org.apache.shiro.web.servlet.SimpleCookie] is not eligible for getting processed by all BeanPostProcessors (for example: not eligible for auto-proxying) 
2022-05-25 12:47:53,586 [main][] INFO  o.s.c.s.PostProcessorRegistrationDelegate$BeanPostProcessorChecker Bean 'dsessionManager' of type [org.apache.shiro.web.session.mgt.DefaultWebSessionManager] is not eligible for getting processed by all BeanPostProcessors (for example: not eligible for auto-proxying) 
2022-05-25 12:47:54,839 [main][] INFO  o.s.c.s.PostProcessorRegistrationDelegate$BeanPostProcessorChecker Bean 'securityManager' of type [org.apache.shiro.web.mgt.DefaultWebSecurityManager] is not eligible for getting processed by all BeanPostProcessors (for example: not eligible for auto-proxying) 
2022-05-25 12:47:54,899 [main][] INFO  o.s.c.s.PostProcessorRegistrationDelegate$BeanPostProcessorChecker Bean 'authorizationAttributeSourceAdvisor' of type [org.apache.shiro.spring.security.interceptor.AuthorizationAttributeSourceAdvisor] is not eligible for getting processed by all BeanPostProcessors (for example: not eligible for auto-proxying) 
2022-05-25 12:47:55,451 [main][] INFO  o.s.b.w.e.t.TomcatWebServer Tomcat initialized with port(s): 8080 (http) 
2022-05-25 12:47:55,461 [main][] INFO  o.a.c.h.Http11NioProtocol Initializing ProtocolHandler ["http-nio-8080"] 
2022-05-25 12:47:55,461 [main][] INFO  o.a.c.c.StandardService Starting service [Tomcat] 
2022-05-25 12:47:55,471 [main][] INFO  o.a.c.c.StandardEngine Starting Servlet engine: [Apache Tomcat/9.0.41] 
2022-05-25 12:47:55,579 [main][] INFO  o.a.c.c.C.[.[.[/] Initializing Spring embedded WebApplicationContext 
2022-05-25 12:47:55,579 [main][] INFO  o.s.b.w.s.c.ServletWebServerApplicationContext Root WebApplicationContext: initialization completed in 5415 ms 
2022-05-25 12:47:56,114 [main][] INFO  o.a.c.f.i.CuratorFrameworkImpl Starting 
2022-05-25 12:47:56,124 [main][] INFO  o.a.z.ZooKeeper Client environment:zookeeper.version=3.6.0--b4c89dc7f6083829e18fae6e446907ae0b1f22d7, built on 02/25/2020 14:38 GMT 
2022-05-25 12:47:56,124 [main][] INFO  o.a.z.ZooKeeper Client environment:host.name=LAPTOP-4AHHCIO7.mshome.net 
2022-05-25 12:47:56,124 [main][] INFO  o.a.z.ZooKeeper Client environment:java.version=1.8.0_102 
2022-05-25 12:47:56,124 [main][] INFO  o.a.z.ZooKeeper Client environment:java.vendor=Oracle Corporation 
2022-05-25 12:47:56,124 [main][] INFO  o.a.z.ZooKeeper Client environment:java.home=C:\Program Files\Java\jdk1.8.0_102\jre 
2022-05-25 12:47:56,124 [main][] INFO  o.a.z.ZooKeeper Client environment:java.class.path=C:\Program Files\Java\jdk1.8.0_102\jre\lib\charsets.jar;C:\Program Files\Java\jdk1.8.0_102\jre\lib\deploy.jar;C:\Program Files\Java\jdk1.8.0_102\jre\lib\ext\access-bridge-64.jar;C:\Program Files\Java\jdk1.8.0_102\jre\lib\ext\cldrdata.jar;C:\Program Files\Java\jdk1.8.0_102\jre\lib\ext\dnsns.jar;C:\Program Files\Java\jdk1.8.0_102\jre\lib\ext\jaccess.jar;C:\Program Files\Java\jdk1.8.0_102\jre\lib\ext\jfxrt.jar;C:\Program Files\Java\jdk1.8.0_102\jre\lib\ext\localedata.jar;C:\Program Files\Java\jdk1.8.0_102\jre\lib\ext\nashorn.jar;C:\Program Files\Java\jdk1.8.0_102\jre\lib\ext\sunec.jar;C:\Program Files\Java\jdk1.8.0_102\jre\lib\ext\sunjce_provider.jar;C:\Program Files\Java\jdk1.8.0_102\jre\lib\ext\sunmscapi.jar;C:\Program Files\Java\jdk1.8.0_102\jre\lib\ext\sunpkcs11.jar;C:\Program Files\Java\jdk1.8.0_102\jre\lib\ext\zipfs.jar;C:\Program Files\Java\jdk1.8.0_102\jre\lib\javaws.jar;C:\Program Files\Java\jdk1.8.0_102\jre\lib\jce.jar;C:\Program Files\Java\jdk1.8.0_102\jre\lib\jfr.jar;C:\Program Files\Java\jdk1.8.0_102\jre\lib\jfxswt.jar;C:\Program Files\Java\jdk1.8.0_102\jre\lib\jsse.jar;C:\Program Files\Java\jdk1.8.0_102\jre\lib\management-agent.jar;C:\Program Files\Java\jdk1.8.0_102\jre\lib\plugin.jar;C:\Program Files\Java\jdk1.8.0_102\jre\lib\resources.jar;C:\Program Files\Java\jdk1.8.0_102\jre\lib\rt.jar;D:\workspace\wrokspace-spring\songwe2017\target\classes;D:\maven\repository_tianjin\org\springframework\boot\spring-boot-starter-freemarker\2.4.1\spring-boot-starter-freemarker-2.4.1.jar;D:\maven\repository_tianjin\org\springframework\boot\spring-boot-starter\2.4.1\spring-boot-starter-2.4.1.jar;D:\maven\repository_tianjin\org\springframework\boot\spring-boot\2.4.1\spring-boot-2.4.1.jar;D:\maven\repository_tianjin\org\springframework\boot\spring-boot-starter-logging\2.4.1\spring-boot-starter-logging-2.4.1.jar;D:\maven\repository_tianjin\ch\qos\logback\logback-classic\1.2.3\logback-classic-1.2.3.jar;D:\maven\repository_tianjin\ch\qos\logback\logback-core\1.2.3\logback-core-1.2.3.jar;D:\maven\repository_tianjin\org\apache\logging\log4j\log4j-to-slf4j\2.13.3\log4j-to-slf4j-2.13.3.jar;D:\maven\repository_tianjin\org\apache\logging\log4j\log4j-api\2.13.3\log4j-api-2.13.3.jar;D:\maven\repository_tianjin\org\slf4j\jul-to-slf4j\1.7.30\jul-to-slf4j-1.7.30.jar;D:\maven\repository_tianjin\jakarta\annotation\jakarta.annotation-api\1.3.5\jakarta.annotation-api-1.3.5.jar;D:\maven\repository_tianjin\org\yaml\snakeyaml\1.27\snakeyaml-1.27.jar;D:\maven\repository_tianjin\org\freemarker\freemarker\2.3.30\freemarker-2.3.30.jar;D:\maven\repository_tianjin\org\springframework\spring-context-support\5.3.2\spring-context-support-5.3.2.jar;D:\maven\repository_tianjin\org\springframework\spring-beans\5.3.2\spring-beans-5.3.2.jar;D:\maven\repository_tianjin\org\springframework\spring-context\5.3.2\spring-context-5.3.2.jar;D:\maven\repository_tianjin\org\apache\shiro\shiro-spring\1.7.1\shiro-spring-1.7.1.jar;D:\maven\repository_tianjin\org\apache\shiro\shiro-core\1.7.1\shiro-core-1.7.1.jar;D:\maven\repository_tianjin\org\apache\shiro\shiro-lang\1.7.1\shiro-lang-1.7.1.jar;D:\maven\repository_tianjin\org\apache\shiro\shiro-cache\1.7.1\shiro-cache-1.7.1.jar;D:\maven\repository_tianjin\org\apache\shiro\shiro-crypto-hash\1.7.1\shiro-crypto-hash-1.7.1.jar;D:\maven\repository_tianjin\org\apache\shiro\shiro-crypto-core\1.7.1\shiro-crypto-core-1.7.1.jar;D:\maven\repository_tianjin\org\apache\shiro\shiro-crypto-cipher\1.7.1\shiro-crypto-cipher-1.7.1.jar;D:\maven\repository_tianjin\org\apache\shiro\shiro-config-core\1.7.1\shiro-config-core-1.7.1.jar;D:\maven\repository_tianjin\org\apache\shiro\shiro-config-ogdl\1.7.1\shiro-config-ogdl-1.7.1.jar;D:\maven\repository_tianjin\commons-beanutils\commons-beanutils\1.9.4\commons-beanutils-1.9.4.jar;D:\maven\repository_tianjin\org\apache\shiro\shiro-event\1.7.1\shiro-event-1.7.1.jar;D:\maven\repository_tianjin\org\apache\shiro\shiro-web\1.7.1\shiro-web-1.7.1.jar;D:\maven\repository_tianjin\org\owasp\encoder\encoder\1.2.2\encoder-1.2.2.jar;D:\maven\repository_tianjin\org\apache\rocketmq\rocketmq-client\4.7.1\rocketmq-client-4.7.1.jar;D:\maven\repository_tianjin\org\apache\rocketmq\rocketmq-common\4.7.1\rocketmq-common-4.7.1.jar;D:\maven\repository_tianjin\org\apache\rocketmq\rocketmq-remoting\4.7.1\rocketmq-remoting-4.7.1.jar;D:\maven\repository_tianjin\com\alibaba\fastjson\1.2.69\fastjson-1.2.69.jar;D:\maven\repository_tianjin\io\netty\netty-all\4.1.55.Final\netty-all-4.1.55.Final.jar;D:\maven\repository_tianjin\org\apache\rocketmq\rocketmq-logging\4.7.1\rocketmq-logging-4.7.1.jar;D:\maven\repository_tianjin\io\netty\netty-tcnative-boringssl-static\2.0.35.Final\netty-tcnative-boringssl-static-2.0.35.Final.jar;D:\maven\repository_tianjin\commons-validator\commons-validator\1.6\commons-validator-1.6.jar;D:\maven\repository_tianjin\commons-digester\commons-digester\1.8.1\commons-digester-1.8.1.jar;D:\maven\repository_tianjin\commons-logging\commons-logging\1.2\commons-logging-1.2.jar;D:\maven\repository_tianjin\commons-collections\commons-collections\3.2.2\commons-collections-3.2.2.jar;D:\maven\repository_tianjin\com\baomidou\mybatis-plus-boot-starter\3.5.1\mybatis-plus-boot-starter-3.5.1.jar;D:\maven\repository_tianjin\com\baomidou\mybatis-plus\3.5.1\mybatis-plus-3.5.1.jar;D:\maven\repository_tianjin\com\baomidou\mybatis-plus-extension\3.5.1\mybatis-plus-extension-3.5.1.jar;D:\maven\repository_tianjin\com\baomidou\mybatis-plus-core\3.5.1\mybatis-plus-core-3.5.1.jar;D:\maven\repository_tianjin\com\baomidou\mybatis-plus-annotation\3.5.1\mybatis-plus-annotation-3.5.1.jar;D:\maven\repository_tianjin\com\github\jsqlparser\jsqlparser\4.3\jsqlparser-4.3.jar;D:\maven\repository_tianjin\org\mybatis\mybatis\3.5.9\mybatis-3.5.9.jar;D:\maven\repository_tianjin\org\mybatis\mybatis-spring\2.0.6\mybatis-spring-2.0.6.jar;D:\maven\repository_tianjin\org\springframework\boot\spring-boot-autoconfigure\2.4.1\spring-boot-autoconfigure-2.4.1.jar;D:\maven\repository_tianjin\org\springframework\boot\spring-boot-starter-jdbc\2.4.1\spring-boot-starter-jdbc-2.4.1.jar;D:\maven\repository_tianjin\com\zaxxer\HikariCP\3.4.5\HikariCP-3.4.5.jar;D:\maven\repository_tianjin\org\springframework\spring-jdbc\5.3.2\spring-jdbc-5.3.2.jar;D:\maven\repository_tianjin\org\springframework\spring-tx\5.3.2\spring-tx-5.3.2.jar;D:\maven\repository_tianjin\com\baomidou\mybatis-plus-generator\3.5.1\mybatis-plus-generator-3.5.1.jar;D:\maven\repository_tianjin\com\alibaba\druid\1.2.8\druid-1.2.8.jar;D:\maven\repository_tianjin\mysql\mysql-connector-java\8.0.22\mysql-connector-java-8.0.22.jar;D:\maven\repository_tianjin\org\springframework\boot\spring-boot-starter-aop\2.4.1\spring-boot-starter-aop-2.4.1.jar;D:\maven\repository_tianjin\org\springframework\spring-aop\5.3.2\spring-aop-5.3.2.jar;D:\maven\repository_tianjin\org\aspectj\aspectjweaver\1.9.6\aspectjweaver-1.9.6.jar;D:\maven\repository_tianjin\com\google\guava\guava\27.0.1-jre\guava-27.0.1-jre.jar;D:\maven\repository_tianjin\com\google\guava\failureaccess\1.0.1\failureaccess-1.0.1.jar;D:\maven\repository_tianjin\com\google\guava\listenablefuture\9999.0-empty-to-avoid-conflict-with-guava\listenablefuture-9999.0-empty-to-avoid-conflict-with-guava.jar;D:\maven\repository_tianjin\com\google\code\findbugs\jsr305\3.0.2\jsr305-3.0.2.jar;D:\maven\repository_tianjin\org\checkerframework\checker-qual\2.5.2\checker-qual-2.5.2.jar;D:\maven\repository_tianjin\com\google\errorprone\error_prone_annotations\2.2.0\error_prone_annotations-2.2.0.jar;D:\maven\repository_tianjin\com\google\j2objc\j2objc-annotations\1.1\j2objc-annotations-1.1.jar;D:\maven\repository_tianjin\org\codehaus\mojo\animal-sniffer-annotations\1.17\animal-sniffer-annotations-1.17.jar;D:\maven\repository_tianjin\org\redisson\redisson\3.5.4\redisson-3.5.4.jar;D:\maven\repository_tianjin\io\netty\netty-common\4.1.55.Final\netty-common-4.1.55.Final.jar;D:\maven\repository_tianjin\io\netty\netty-codec\4.1.55.Final\netty-codec-4.1.55.Final.jar;D:\maven\repository_tianjin\io\netty\netty-buffer\4.1.55.Final\netty-buffer-4.1.55.Final.jar;D:\maven\repository_tianjin\io\netty\netty-transport\4.1.55.Final\netty-transport-4.1.55.Final.jar;D:\maven\repository_tianjin\io\netty\netty-resolver\4.1.55.Final\netty-resolver-4.1.55.Final.jar;D:\maven\repository_tianjin\io\netty\netty-handler\4.1.55.Final\netty-handler-4.1.55.Final.jar;D:\maven\repository_tianjin\javax\cache\cache-api\1.1.1\cache-api-1.1.1.jar;D:\maven\repository_tianjin\io\projectreactor\reactor-stream\2.0.8.RELEASE\reactor-stream-2.0.8.RELEASE.jar;D:\maven\repository_tianjin\io\projectreactor\reactor-core\3.4.1\reactor-core-3.4.1.jar;D:\maven\repository_tianjin\org\reactivestreams\reactive-streams\1.0.3\reactive-streams-1.0.3.jar;D:\maven\repository_tianjin\org\slf4j\slf4j-api\1.7.30\slf4j-api-1.7.30.jar;D:\maven\repository_tianjin\com\fasterxml\jackson\dataformat\jackson-dataformat-yaml\2.11.3\jackson-dataformat-yaml-2.11.3.jar;D:\maven\repository_tianjin\com\fasterxml\jackson\core\jackson-core\2.11.3\jackson-core-2.11.3.jar;D:\maven\repository_tianjin\com\fasterxml\jackson\core\jackson-databind\2.11.3\jackson-databind-2.11.3.jar;D:\maven\repository_tianjin\com\fasterxml\jackson\core\jackson-annotations\2.11.3\jackson-annotations-2.11.3.jar;D:\maven\repository_tianjin\net\openhft\zero-allocation-hashing\0.8\zero-allocation-hashing-0.8.jar;D:\maven\repository_tianjin\net\bytebuddy\byte-buddy\1.10.18\byte-buddy-1.10.18.jar;D:\maven\repository_tianjin\org\jodd\jodd-bean\3.7.1\jodd-bean-3.7.1.jar;D:\maven\repository_tianjin\org\jodd\jodd-core\3.7.1\jodd-core-3.7.1.jar;D:\maven\repository_tianjin\org\apache\curator\curator-framework\5.1.0\curator-framework-5.1.0.jar;D:\maven\repository_tianjin\org\apache\curator\curator-client\5.1.0\curator-client-5.1.0.jar;D:\maven\repository_tianjin\org\apache\zookeeper\zookeeper\3.6.0\zookeeper-3.6.0.jar;D:\maven\repository_tianjin\commons-lang\commons-lang\2.6\commons-lang-2.6.jar;D:\maven\repository_tianjin\org\apache\zookeeper\zookeeper-jute\3.6.0\zookeeper-jute-3.6.0.jar;D:\maven\repository_tianjin\org\apache\yetus\audience-annotations\0.5.0\audience-annotations-0.5.0.jar;D:\maven\repository_tianjin\io\netty\netty-transport-native-epoll\4.1.55.Final\netty-transport-native-epoll-4.1.55.Final.jar;D:\maven\repository_tianjin\io\netty\netty-transport-native-unix-common\4.1.55.Final\netty-transport-native-unix-common-4.1.55.Final.jar;D:\maven\repository_tianjin\org\apache\curator\curator-recipes\5.1.0\curator-recipes-5.1.0.jar;D:\maven\repository_tianjin\org\apache\curator\curator-examples\5.1.0\curator-examples-5.1.0.jar;D:\maven\repository_tianjin\org\apache\curator\curator-test\5.1.0\curator-test-5.1.0.jar;D:\maven\repository_tianjin\io\dropwizard\metrics\metrics-core\4.1.16\metrics-core-4.1.16.jar;D:\maven\repository_tianjin\org\xerial\snappy\snappy-java\1.1.7\snappy-java-1.1.7.jar;D:\maven\repository_tianjin\org\apache\curator\curator-x-discovery\5.1.0\curator-x-discovery-5.1.0.jar;D:\maven\repository_tianjin\org\apache\curator\curator-x-async\5.1.0\curator-x-async-5.1.0.jar;D:\maven\repository_tianjin\org\slf4j\slf4j-log4j12\1.7.30\slf4j-log4j12-1.7.30.jar;D:\maven\repository_tianjin\log4j\log4j\1.2.17\log4j-1.2.17.jar;D:\maven\repository_tianjin\org\javassist\javassist\3.27.0-GA\javassist-3.27.0-GA.jar;D:\maven\repository_tianjin\javax\validation\validation-api\2.0.1.Final\validation-api-2.0.1.Final.jar;D:\maven\repository_tianjin\org\hibernate\hibernate-validator\5.0.1.Final\hibernate-validator-5.0.1.Final.jar;D:\maven\repository_tianjin\org\jboss\logging\jboss-logging\3.4.1.Final\jboss-logging-3.4.1.Final.jar;D:\maven\repository_tianjin\com\fasterxml\classmate\1.5.1\classmate-1.5.1.jar;D:\maven\repository_tianjin\org\apache\commons\commons-lang3\3.11\commons-lang3-3.11.jar;D:\maven\repository_tianjin\org\springframework\boot\spring-boot-starter-web\2.4.1\spring-boot-starter-web-2.4.1.jar;D:\maven\repository_tianjin\org\springframework\boot\spring-boot-starter-json\2.4.1\spring-boot-starter-json-2.4.1.jar;D:\maven\repository_tianjin\com\fasterxml\jackson\datatype\jackson-datatype-jdk8\2.11.3\jackson-datatype-jdk8-2.11.3.jar;D:\maven\repository_tianjin\com\fasterxml\jackson\datatype\jackson-datatype-jsr310\2.11.3\jackson-datatype-jsr310-2.11.3.jar;D:\maven\repository_tianjin\com\fasterxml\jackson\module\jackson-module-parameter-names\2.11.3\jackson-module-parameter-names-2.11.3.jar;D:\maven\repository_tianjin\org\springframework\boot\spring-boot-starter-tomcat\2.4.1\spring-boot-starter-tomcat-2.4.1.jar;D:\maven\repository_tianjin\org\apache\tomcat\embed\tomcat-embed-core\9.0.41\tomcat-embed-core-9.0.41.jar;D:\maven\repository_tianjin\org\glassfish\jakarta.el\3.0.3\jakarta.el-3.0.3.jar;D:\maven\repository_tianjin\org\apache\tomcat\embed\tomcat-embed-websocket\9.0.41\tomcat-embed-websocket-9.0.41.jar;D:\maven\repository_tianjin\org\springframework\spring-web\5.3.2\spring-web-5.3.2.jar;D:\maven\repository_tianjin\org\springframework\spring-webmvc\5.3.2\spring-webmvc-5.3.2.jar;D:\maven\repository_tianjin\org\springframework\spring-expression\5.3.2\spring-expression-5.3.2.jar;D:\maven\repository_tianjin\org\projectlombok\lombok\1.18.16\lombok-1.18.16.jar;D:\maven\repository_tianjin\org\springframework\spring-core\5.3.2\spring-core-5.3.2.jar;D:\maven\repository_tianjin\org\springframework\spring-jcl\5.3.2\spring-jcl-5.3.2.jar;D:\Program Files\JetBrains\IntelliJ IDEA 2019.1.3\lib\idea_rt.jar 
2022-05-25 12:47:56,124 [main][] INFO  o.a.z.ZooKeeper Client environment:java.library.path=C:\Program Files\Java\jdk1.8.0_102\bin;C:\WINDOWS\Sun\Java\bin;C:\WINDOWS\system32;C:\WINDOWS;C:\ProgramData\Oracle\Java\javapath;C:\Program Files (x86)\Common Files\NetSarang;C:\Program Files\Java\jdk1.8.0_102\bin;D:\java\apache-maven-3.3.9\bin;C:\Windows\system32;C:\Windows;C:\Windows\System32\Wbem;C:\Windows\System32\WindowsPowerShell\v1.0\;C:\Program Files (x86)\NVIDIA Corporation\PhysX\Common;D:\Program Files\Git\cmd;C:\WINDOWS\system32;C:\WINDOWS;C:\WINDOWS\System32\Wbem;C:\WINDOWS\System32\WindowsPowerShell\v1.0\;D:\Program Files (x86)\CSPClient;C:\WINDOWS\System32\OpenSSH\;D:\Program Files\TortoiseGit\bin;C:\Program Files\Intel\WiFi\bin\;C:\Program Files\Common Files\Intel\WirelessCommon\;D:\java\;C:\Program Files\NVIDIA Corporation\NVIDIA NvDLISR;D:\java\gradle-4.9\bin;D:\gradle;;C:\WINDOWS\system32;C:\WINDOWS;C:\WINDOWS\System32\Wbem;C:\WINDOWS\System32\WindowsPowerShell\v1.0\;C:\WINDOWS\System32\OpenSSH\;C:\Program Files (x86)\Common Files\Autodesk Shared\;c:\Program Files (x86)\Intel\Intel(R) Management Engine Components\DAL;c:\Program Files\Intel\Intel(R) Management Engine Components\DAL;C:\Program Files\Common Files\Autodesk Shared\;C:\Program Files\MySQL\MySQL Shell 8.0\bin\;. 
2022-05-25 12:47:56,124 [main][] INFO  o.a.z.ZooKeeper Client environment:java.io.tmpdir=C:\Users\Songbing\AppData\Local\Temp\ 
2022-05-25 12:47:56,124 [main][] INFO  o.a.z.ZooKeeper Client environment:java.compiler=<NA> 
2022-05-25 12:47:56,124 [main][] INFO  o.a.z.ZooKeeper Client environment:os.name=Windows 10 
2022-05-25 12:47:56,124 [main][] INFO  o.a.z.ZooKeeper Client environment:os.arch=amd64 
2022-05-25 12:47:56,124 [main][] INFO  o.a.z.ZooKeeper Client environment:os.version=10.0 
2022-05-25 12:47:56,124 [main][] INFO  o.a.z.ZooKeeper Client environment:user.name=Songbing 
2022-05-25 12:47:56,124 [main][] INFO  o.a.z.ZooKeeper Client environment:user.home=C:\Users\Songbing 
2022-05-25 12:47:56,124 [main][] INFO  o.a.z.ZooKeeper Client environment:user.dir=D:\workspace\wrokspace-spring\songwe2017 
2022-05-25 12:47:56,124 [main][] INFO  o.a.z.ZooKeeper Client environment:os.memory.free=149MB 
2022-05-25 12:47:56,124 [main][] INFO  o.a.z.ZooKeeper Client environment:os.memory.max=3612MB 
2022-05-25 12:47:56,124 [main][] INFO  o.a.z.ZooKeeper Client environment:os.memory.total=327MB 
2022-05-25 12:47:56,134 [main][] INFO  o.a.z.ZooKeeper Initiating client connection, connectString=127.0.0.1:2181 sessionTimeout=50000 watcher=org.apache.curator.ConnectionState@3b48e183 
2022-05-25 12:47:56,134 [main][] INFO  o.a.z.c.X509Util Setting -D jdk.tls.rejectClientInitiatedRenegotiation=true to disable client-initiated TLS renegotiation 
2022-05-25 12:47:56,144 [main][] INFO  o.a.z.ClientCnxnSocket jute.maxbuffer value is 1048575 Bytes 
2022-05-25 12:47:56,154 [main][] INFO  o.a.z.ClientCnxn zookeeper.request.timeout value is 0. feature enabled=false 
2022-05-25 12:47:56,164 [main-SendThread(127.0.0.1:2181)][] INFO  o.a.z.ClientCnxn Opening socket connection to server 127.0.0.1/127.0.0.1:2181. 
2022-05-25 12:47:56,164 [main-SendThread(127.0.0.1:2181)][] INFO  o.a.z.ClientCnxn SASL config status: Will not attempt to authenticate using SASL (unknown error) 
2022-05-25 12:47:56,164 [main-SendThread(127.0.0.1:2181)][] INFO  o.a.z.ClientCnxn Socket connection established, initiating session, client: /127.0.0.1:65012, server: 127.0.0.1/127.0.0.1:2181 
2022-05-25 12:47:56,164 [main][] INFO  o.a.c.f.i.CuratorFrameworkImpl Default schema 
2022-05-25 12:47:56,254 [main-SendThread(127.0.0.1:2181)][] INFO  o.a.z.ClientCnxn Session establishment complete on server 127.0.0.1/127.0.0.1:2181, session id = 0x10000018e2d00b1, negotiated timeout = 40000 
2022-05-25 12:47:56,264 [main-EventThread][] INFO  o.a.c.f.s.ConnectionStateManager State change: CONNECTED 
2022-05-25 12:47:56,264 [Curator-ConnectionStateManager-0][] INFO  c.a.d.z.c.ZookeeperConfiguration Curator 连接成功！ 
2022-05-25 12:47:56,284 [main-EventThread][] INFO  o.a.c.f.i.EnsembleTracker New config event received: {} 
2022-05-25 12:47:56,284 [main-EventThread][] INFO  o.a.c.f.i.EnsembleTracker New config event received: {} 
2022-05-25 12:47:56,474 [main][] INFO  o.s.s.c.ThreadPoolTaskExecutor Initializing ExecutorService 'applicationTaskExecutor' 
2022-05-25 12:47:56,624 [main][] INFO  o.s.b.a.w.s.WelcomePageHandlerMapping Adding welcome page template: index 
2022-05-25 12:47:56,969 [main][] INFO  o.s.s.c.ThreadPoolTaskScheduler Initializing ExecutorService 'taskScheduler' 
2022-05-25 12:47:57,039 [main][] INFO  o.a.c.h.Http11NioProtocol Starting ProtocolHandler ["http-nio-8080"] 
2022-05-25 12:47:57,049 [main][] INFO  o.s.b.w.e.t.TomcatWebServer Tomcat started on port(s): 8080 (http) with context path '' 
2022-05-25 12:47:57,059 [main][] INFO  c.a.d.DemoApplication Started DemoApplication in 7.599 seconds (JVM running for 10.083) 
2022-05-25 12:48:04,057 [http-nio-8080-exec-1][] INFO  o.a.c.c.C.[.[.[/] Initializing Spring DispatcherServlet 'dispatcherServlet' 
2022-05-25 12:48:04,057 [http-nio-8080-exec-1][] INFO  o.s.w.s.DispatcherServlet Initializing Servlet 'dispatcherServlet' 
2022-05-25 12:48:04,060 [http-nio-8080-exec-1][] INFO  o.s.w.s.DispatcherServlet Completed initialization in 2 ms 
2022-05-25 12:48:04,190 [http-nio-8080-exec-1][] ERROR o.a.c.c.C.[.[.[.[dispatcherServlet] Servlet.service() for servlet [dispatcherServlet] in context with path [] threw exception [Request processing failed; nested exception is freemarker.core.InvalidReferenceException: The following has evaluated to null or missing:
==> request  [in template "login.html" at line 9, column 34]

----
Tip: If the failing expression is known to legally refer to something that's sometimes null or missing, either specify a default value like myOptionalVar!myDefault, or use <#if myOptionalVar??>when-present<#else>when-missing</#if>. (These only cover the last step of the expression; to cover the whole expression, use parenthesis: (myOptionalVar.foo)!myDefault, (myOptionalVar.foo)??
----

----
FTL stack trace ("~" means nesting-related):
	- Failed at: ${request.contextPath}  [in template "login.html" at line 9, column 32]
----] with root cause 
freemarker.core.InvalidReferenceException: The following has evaluated to null or missing:
==> request  [in template "login.html" at line 9, column 34]

----
Tip: If the failing expression is known to legally refer to something that's sometimes null or missing, either specify a default value like myOptionalVar!myDefault, or use <#if myOptionalVar??>when-present<#else>when-missing</#if>. (These only cover the last step of the expression; to cover the whole expression, use parenthesis: (myOptionalVar.foo)!myDefault, (myOptionalVar.foo)??
----

----
FTL stack trace ("~" means nesting-related):
	- Failed at: ${request.contextPath}  [in template "login.html" at line 9, column 32]
----
	at freemarker.core.InvalidReferenceException.getInstance(InvalidReferenceException.java:134)
	at freemarker.core.UnexpectedTypeException.newDescriptionBuilder(UnexpectedTypeException.java:85)
	at freemarker.core.UnexpectedTypeException.<init>(UnexpectedTypeException.java:48)
	at freemarker.core.NonHashException.<init>(NonHashException.java:49)
	at freemarker.core.Dot._eval(Dot.java:48)
	at freemarker.core.Expression.eval(Expression.java:101)
	at freemarker.core.DollarVariable.calculateInterpolatedStringOrMarkup(DollarVariable.java:100)
	at freemarker.core.DollarVariable.accept(DollarVariable.java:63)
	at freemarker.core.Environment.visit(Environment.java:334)
	at freemarker.core.Environment.visit(Environment.java:340)
	at freemarker.core.Environment.process(Environment.java:313)
	at freemarker.template.Template.process(Template.java:383)
	at org.springframework.web.servlet.view.freemarker.FreeMarkerView.processTemplate(FreeMarkerView.java:391)
	at org.springframework.web.servlet.view.freemarker.FreeMarkerView.doRender(FreeMarkerView.java:304)
	at org.springframework.web.servlet.view.freemarker.FreeMarkerView.renderMergedTemplateModel(FreeMarkerView.java:255)
	at org.springframework.web.servlet.view.AbstractTemplateView.renderMergedOutputModel(AbstractTemplateView.java:179)
	at org.springframework.web.servlet.view.AbstractView.render(AbstractView.java:316)
	at org.springframework.web.servlet.DispatcherServlet.render(DispatcherServlet.java:1394)
	at org.springframework.web.servlet.DispatcherServlet.processDispatchResult(DispatcherServlet.java:1139)
	at org.springframework.web.servlet.DispatcherServlet.doDispatch(DispatcherServlet.java:1078)
	at org.springframework.web.servlet.DispatcherServlet.doService(DispatcherServlet.java:961)
	at org.springframework.web.servlet.FrameworkServlet.processRequest(FrameworkServlet.java:1006)
	at org.springframework.web.servlet.FrameworkServlet.doGet(FrameworkServlet.java:898)
	at javax.servlet.http.HttpServlet.service(HttpServlet.java:626)
	at org.springframework.web.servlet.FrameworkServlet.service(FrameworkServlet.java:883)
	at javax.servlet.http.HttpServlet.service(HttpServlet.java:733)
	at org.apache.catalina.core.ApplicationFilterChain.internalDoFilter(ApplicationFilterChain.java:231)
	at org.apache.catalina.core.ApplicationFilterChain.doFilter(ApplicationFilterChain.java:166)
	at org.apache.tomcat.websocket.server.WsFilter.doFilter(WsFilter.java:53)
	at org.apache.catalina.core.ApplicationFilterChain.internalDoFilter(ApplicationFilterChain.java:193)
	at org.apache.catalina.core.ApplicationFilterChain.doFilter(ApplicationFilterChain.java:166)
	at org.apache.shiro.web.servlet.ProxiedFilterChain.doFilter(ProxiedFilterChain.java:61)
	at org.apache.shiro.web.servlet.AdviceFilter.executeChain(AdviceFilter.java:108)
	at org.apache.shiro.web.servlet.AdviceFilter.doFilterInternal(AdviceFilter.java:137)
	at org.apache.shiro.web.servlet.OncePerRequestFilter.doFilter(OncePerRequestFilter.java:125)
	at org.apache.shiro.web.servlet.ProxiedFilterChain.doFilter(ProxiedFilterChain.java:66)
	at org.apache.shiro.web.servlet.AdviceFilter.executeChain(AdviceFilter.java:108)
	at org.apache.shiro.web.servlet.AdviceFilter.doFilterInternal(AdviceFilter.java:137)
	at org.apache.shiro.web.servlet.OncePerRequestFilter.doFilter(OncePerRequestFilter.java:125)
	at org.apache.shiro.web.servlet.ProxiedFilterChain.doFilter(ProxiedFilterChain.java:66)
	at org.apache.shiro.web.servlet.AbstractShiroFilter.executeChain(AbstractShiroFilter.java:450)
	at org.apache.shiro.web.servlet.AbstractShiroFilter$1.call(AbstractShiroFilter.java:365)
	at org.apache.shiro.subject.support.SubjectCallable.doCall(SubjectCallable.java:90)
	at org.apache.shiro.subject.support.SubjectCallable.call(SubjectCallable.java:83)
	at org.apache.shiro.subject.support.DelegatingSubject.execute(DelegatingSubject.java:387)
	at org.apache.shiro.web.servlet.AbstractShiroFilter.doFilterInternal(AbstractShiroFilter.java:362)
	at org.apache.shiro.web.servlet.OncePerRequestFilter.doFilter(OncePerRequestFilter.java:125)
	at org.apache.catalina.core.ApplicationFilterChain.internalDoFilter(ApplicationFilterChain.java:193)
	at org.apache.catalina.core.ApplicationFilterChain.doFilter(ApplicationFilterChain.java:166)
	at org.springframework.web.filter.RequestContextFilter.doFilterInternal(RequestContextFilter.java:100)
	at org.springframework.web.filter.OncePerRequestFilter.doFilter(OncePerRequestFilter.java:119)
	at org.apache.catalina.core.ApplicationFilterChain.internalDoFilter(ApplicationFilterChain.java:193)
	at org.apache.catalina.core.ApplicationFilterChain.doFilter(ApplicationFilterChain.java:166)
	at org.springframework.web.filter.FormContentFilter.doFilterInternal(FormContentFilter.java:93)
	at org.springframework.web.filter.OncePerRequestFilter.doFilter(OncePerRequestFilter.java:119)
	at org.apache.catalina.core.ApplicationFilterChain.internalDoFilter(ApplicationFilterChain.java:193)
	at org.apache.catalina.core.ApplicationFilterChain.doFilter(ApplicationFilterChain.java:166)
	at org.springframework.web.filter.CharacterEncodingFilter.doFilterInternal(CharacterEncodingFilter.java:201)
	at org.springframework.web.filter.OncePerRequestFilter.doFilter(OncePerRequestFilter.java:119)
	at org.apache.catalina.core.ApplicationFilterChain.internalDoFilter(ApplicationFilterChain.java:193)
	at org.apache.catalina.core.ApplicationFilterChain.doFilter(ApplicationFilterChain.java:166)
	at org.apache.catalina.core.StandardWrapperValve.invoke(StandardWrapperValve.java:202)
	at org.apache.catalina.core.StandardContextValve.invoke(StandardContextValve.java:97)
	at org.apache.catalina.authenticator.AuthenticatorBase.invoke(AuthenticatorBase.java:542)
	at org.apache.catalina.core.StandardHostValve.invoke(StandardHostValve.java:143)
	at org.apache.catalina.valves.ErrorReportValve.invoke(ErrorReportValve.java:92)
	at org.apache.catalina.core.StandardEngineValve.invoke(StandardEngineValve.java:78)
	at org.apache.catalina.connector.CoyoteAdapter.service(CoyoteAdapter.java:343)
	at org.apache.coyote.http11.Http11Processor.service(Http11Processor.java:374)
	at org.apache.coyote.AbstractProcessorLight.process(AbstractProcessorLight.java:65)
	at org.apache.coyote.AbstractProtocol$ConnectionHandler.process(AbstractProtocol.java:888)
	at org.apache.tomcat.util.net.NioEndpoint$SocketProcessor.doRun(NioEndpoint.java:1597)
	at org.apache.tomcat.util.net.SocketProcessorBase.run(SocketProcessorBase.java:49)
	at java.util.concurrent.ThreadPoolExecutor.runWorker(ThreadPoolExecutor.java:1142)
	at java.util.concurrent.ThreadPoolExecutor$Worker.run(ThreadPoolExecutor.java:617)
	at org.apache.tomcat.util.threads.TaskThread$WrappingRunnable.run(TaskThread.java:61)
	at java.lang.Thread.run(Thread.java:745)
2022-05-25 12:48:04,243 [http-nio-8080-exec-1][] ERROR o.s.b.a.w.s.e.ErrorMvcAutoConfiguration$StaticView Cannot render error page for request [/login.html] and exception [] as the response has already been committed. As a result, the response may have the wrong status code. 
